TN:
SF:src\App.tsx
FN:20,App
FN:35,(anonymous_1)
FN:39,(anonymous_2)
FN:42,(anonymous_3)
FN:45,(anonymous_4)
FN:50,(anonymous_5)
FN:54,(anonymous_6)
FN:58,(anonymous_7)
FN:65,(anonymous_8)
FN:87,(anonymous_9)
FN:95,(anonymous_10)
FN:128,(anonymous_11)
FNF:12
FNH:0
FNDA:0,App
FNDA:0,(anonymous_1)
FNDA:0,(anonymous_2)
FNDA:0,(anonymous_3)
FNDA:0,(anonymous_4)
FNDA:0,(anonymous_5)
FNDA:0,(anonymous_6)
FNDA:0,(anonymous_7)
FNDA:0,(anonymous_8)
FNDA:0,(anonymous_9)
FNDA:0,(anonymous_10)
FNDA:0,(anonymous_11)
DA:21,0
DA:22,0
DA:25,0
DA:28,0
DA:29,0
DA:33,0
DA:35,0
DA:36,0
DA:39,0
DA:40,0
DA:42,0
DA:45,0
DA:46,0
DA:47,0
DA:50,0
DA:51,0
DA:54,0
DA:55,0
DA:58,0
DA:59,0
DA:60,0
DA:62,0
DA:65,0
DA:66,0
DA:67,0
DA:69,0
DA:73,0
DA:74,0
DA:82,0
DA:87,0
DA:95,0
DA:128,0
LF:32
LH:0
BRDA:33,0,0,0
BRDA:33,0,1,0
BRDA:59,1,0,0
BRDA:59,1,1,0
BRDA:66,2,0,0
BRDA:66,2,1,0
BRDA:73,3,0,0
BRDA:73,3,1,0
BRDA:126,4,0,0
BRDA:126,4,1,0
BRDA:147,5,0,0
BRDA:147,5,1,0
BRDA:149,6,0,0
BRDA:149,6,1,0
BRDA:153,7,0,0
BRDA:153,7,1,0
BRDA:155,8,0,0
BRDA:155,8,1,0
BRDA:163,9,0,0
BRDA:163,9,1,0
BRDA:171,10,0,0
BRDA:171,10,1,0
BRF:22
BRH:0
end_of_record
TN:
SF:src\types.ts
FNF:0
FNH:0
LF:0
LH:0
BRF:0
BRH:0
end_of_record
TN:
SF:src\api\mockApi.ts
FN:18,simulateNetwork
FN:19,(anonymous_1)
FN:20,(anonymous_2)
FN:37,fetchBoards
FN:45,fetchBoardById
FN:47,(anonymous_5)
FN:54,createBoard
FN:61,updateBoard
FN:68,deleteBoard
FNF:9
FNH:8
FNDA:5,simulateNetwork
FNDA:5,(anonymous_1)
FNDA:5,(anonymous_2)
FNDA:1,fetchBoards
FNDA:2,fetchBoardById
FNDA:4,(anonymous_5)
FNDA:1,createBoard
FNDA:0,updateBoard
FNDA:1,deleteBoard
DA:10,2
DA:13,2
DA:19,5
DA:20,5
DA:21,5
DA:22,0
DA:24,5
DA:38,1
DA:39,1
DA:46,2
DA:47,4
DA:48,2
DA:55,1
DA:62,0
DA:69,1
LF:15
LH:13
BRDA:21,0,0,0
BRDA:21,0,1,5
BRDA:47,1,0,2
BRDA:47,1,1,1
BRF:4
BRH:3
end_of_record
TN:
SF:src\components\Column.tsx
FN:22,Column
FN:31,(anonymous_1)
FN:38,(anonymous_2)
FN:43,(anonymous_3)
FN:52,(anonymous_4)
FN:74,(anonymous_5)
FN:97,(anonymous_6)
FN:101,(anonymous_7)
FNF:8
FNH:7
FNDA:36,Column
FNDA:19,(anonymous_1)
FNDA:2,(anonymous_2)
FNDA:0,(anonymous_3)
FNDA:9,(anonymous_4)
FNDA:9,(anonymous_5)
FNDA:35,(anonymous_6)
FNDA:2,(anonymous_7)
DA:7,2
DA:23,36
DA:24,36
DA:25,36
DA:27,36
DA:28,36
DA:29,36
DA:31,36
DA:32,19
DA:33,2
DA:34,2
DA:38,36
DA:39,2
DA:40,2
DA:43,36
DA:44,0
DA:45,0
DA:47,0
DA:49,0
DA:52,36
DA:53,9
DA:54,0
DA:55,9
DA:56,1
DA:57,1
DA:61,36
DA:74,9
DA:98,35
DA:101,2
LF:29
LH:24
BRDA:32,0,0,2
BRDA:32,0,1,17
BRDA:32,1,0,19
BRDA:32,1,1,2
BRDA:44,2,0,0
BRDA:44,2,1,0
BRDA:44,3,0,0
BRDA:44,3,1,0
BRDA:53,4,0,0
BRDA:53,4,1,9
BRDA:55,5,0,1
BRDA:55,5,1,8
BRDA:69,6,0,11
BRDA:69,6,1,25
BRDA:107,7,0,36
BRDA:107,7,1,1
BRF:16
BRH:11
end_of_record
TN:
SF:src\components\Header.tsx
FN:21,Header
FN:29,(anonymous_1)
FN:30,(anonymous_2)
FN:37,(anonymous_3)
FN:40,(anonymous_4)
FN:45,(anonymous_5)
FN:82,(anonymous_6)
FN:103,(anonymous_7)
FN:112,(anonymous_8)
FN:123,(anonymous_9)
FNF:10
FNH:0
FNDA:0,Header
FNDA:0,(anonymous_1)
FNDA:0,(anonymous_2)
FNDA:0,(anonymous_3)
FNDA:0,(anonymous_4)
FNDA:0,(anonymous_5)
FNDA:0,(anonymous_6)
FNDA:0,(anonymous_7)
FNDA:0,(anonymous_8)
FNDA:0,(anonymous_9)
DA:22,0
DA:23,0
DA:24,0
DA:25,0
DA:26,0
DA:29,0
DA:30,0
DA:31,0
DA:32,0
DA:36,0
DA:37,0
DA:40,0
DA:41,0
DA:42,0
DA:45,0
DA:46,0
DA:47,0
DA:50,0
DA:82,0
DA:103,0
DA:112,0
DA:123,0
LF:22
LH:0
BRDA:31,0,0,0
BRDA:31,0,1,0
BRDA:31,1,0,0
BRDA:31,1,1,0
BRDA:59,2,0,0
BRDA:59,2,1,0
BRDA:67,3,0,0
BRDA:67,3,1,0
BRDA:85,4,0,0
BRDA:85,4,1,0
BRDA:87,5,0,0
BRDA:87,5,1,0
BRDA:95,6,0,0
BRDA:95,6,1,0
BRDA:104,7,0,0
BRDA:104,7,1,0
BRDA:113,8,0,0
BRDA:113,8,1,0
BRDA:131,9,0,0
BRDA:131,9,1,0
BRDA:131,9,2,0
BRDA:136,10,0,0
BRDA:136,10,1,0
BRF:23
BRH:0
end_of_record
TN:
SF:src\components\Icons.tsx
FN:2,(anonymous_0)
FN:20,(anonymous_1)
FN:38,(anonymous_2)
FN:49,(anonymous_3)
FN:64,(anonymous_4)
FN:76,(anonymous_5)
FN:88,(anonymous_6)
FN:103,(anonymous_7)
FN:120,(anonymous_8)
FN:140,(anonymous_9)
FN:159,(anonymous_10)
FN:174,(anonymous_11)
FN:189,(anonymous_12)
FN:204,(anonymous_13)
FNF:14
FNH:1
FNDA:0,(anonymous_0)
FNDA:0,(anonymous_1)
FNDA:0,(anonymous_2)
FNDA:6,(anonymous_3)
FNDA:0,(anonymous_4)
FNDA:0,(anonymous_5)
FNDA:0,(anonymous_6)
FNDA:0,(anonymous_7)
FNDA:0,(anonymous_8)
FNDA:0,(anonymous_9)
FNDA:0,(anonymous_10)
FNDA:0,(anonymous_11)
FNDA:0,(anonymous_12)
FNDA:0,(anonymous_13)
DA:2,1
DA:3,0
DA:20,1
DA:21,0
DA:38,1
DA:39,0
DA:49,1
DA:50,6
DA:64,1
DA:65,0
DA:76,1
DA:77,0
DA:88,1
DA:89,0
DA:103,1
DA:104,0
DA:120,1
DA:125,0
DA:140,1
DA:145,0
DA:159,1
DA:160,0
DA:174,1
DA:175,0
DA:189,1
DA:190,0
DA:204,1
DA:205,0
LF:28
LH:15
BRDA:49,0,0,6
BRDA:64,1,0,0
BRDA:76,2,0,0
BRDA:88,3,0,0
BRDA:103,4,0,0
BRDA:121,5,0,0
BRDA:141,6,0,0
BRDA:159,7,0,0
BRDA:174,8,0,0
BRDA:189,9,0,0
BRDA:204,10,0,0
BRF:11
BRH:1
end_of_record
TN:
SF:src\components\LoadingErrorStates.tsx
FN:10,LoadingSpinner
FN:31,LoadingScreen
FN:53,ErrorScreen
FN:96,BoardCardSkeleton
FN:126,DashboardSkeleton
FN:146,(anonymous_5)
FN:157,TaskCardSkeleton
FN:182,ColumnSkeleton
FN:199,(anonymous_8)
FN:210,BoardViewSkeleton
FN:217,(anonymous_10)
FNF:11
FNH:11
FNDA:4,LoadingSpinner
FNDA:2,LoadingScreen
FNDA:6,ErrorScreen
FNDA:28,BoardCardSkeleton
FNDA:7,DashboardSkeleton
FNDA:28,(anonymous_5)
FNDA:117,TaskCardSkeleton
FNDA:39,ColumnSkeleton
FNDA:117,(anonymous_8)
FNDA:13,BoardViewSkeleton
FNDA:39,(anonymous_10)
DA:11,4
DA:17,4
DA:32,2
DA:54,6
DA:97,28
DA:127,7
DA:147,28
DA:158,117
DA:183,39
DA:200,117
DA:211,13
DA:218,39
LF:12
LH:12
BRDA:10,0,0,4
BRDA:31,1,0,2
BRF:2
BRH:2
end_of_record
TN:
SF:src\components\ProtectedRoute.tsx
FN:9,ProtectedRoute
FNF:1
FNH:0
FNDA:0,ProtectedRoute
DA:10,0
DA:11,0
DA:13,0
DA:15,0
DA:18,0
LF:5
LH:0
BRDA:13,0,0,0
BRDA:13,0,1,0
BRF:2
BRH:0
end_of_record
TN:
SF:src\components\Sidebar.tsx
FN:15,Sidebar
FN:31,(anonymous_1)
FN:92,(anonymous_2)
FN:102,(anonymous_3)
FN:131,(anonymous_4)
FNF:5
FNH:0
FNDA:0,Sidebar
FNDA:0,(anonymous_1)
FNDA:0,(anonymous_2)
FNDA:0,(anonymous_3)
FNDA:0,(anonymous_4)
DA:20,0
DA:21,0
DA:22,0
DA:23,0
DA:24,0
DA:27,0
DA:31,0
DA:32,0
DA:33,0
DA:36,0
DA:93,0
DA:103,0
DA:131,0
LF:13
LH:0
BRDA:27,0,0,0
BRDA:27,0,1,0
BRDA:45,1,0,0
BRDA:45,1,1,0
BRDA:54,2,0,0
BRDA:54,2,1,0
BRDA:60,3,0,0
BRDA:60,3,1,0
BRDA:71,4,0,0
BRDA:71,4,1,0
BRDA:78,5,0,0
BRDA:78,5,1,0
BRDA:84,6,0,0
BRDA:84,6,1,0
BRDA:90,7,0,0
BRDA:90,7,1,0
BRDA:90,7,2,0
BRDA:110,8,0,0
BRDA:110,8,1,0
BRDA:117,9,0,0
BRDA:117,9,1,0
BRDA:123,10,0,0
BRDA:123,10,1,0
BRDA:144,11,0,0
BRDA:144,11,1,0
BRDA:150,12,0,0
BRDA:150,12,1,0
BRDA:157,13,0,0
BRDA:157,13,1,0
BRDA:172,14,0,0
BRDA:172,14,1,0
BRDA:215,15,0,0
BRDA:215,15,1,0
BRF:33
BRH:0
end_of_record
TN:
SF:src\components\TaskCard.tsx
FN:8,TaskCard
FN:9,(anonymous_1)
FNF:2
FNH:2
FNDA:41,TaskCard
FNDA:102,(anonymous_1)
DA:9,102
DA:10,41
DA:12,41
LF:3
LH:3
BRDA:28,0,0,41
BRDA:28,0,1,40
BRF:2
BRH:2
end_of_record
TN:
SF:src\components\ThemeToggle.tsx
FN:4,ThemeToggle
FNF:1
FNH:0
FNDA:0,ThemeToggle
DA:5,0
DA:7,0
LF:2
LH:0
BRDA:17,0,0,0
BRDA:17,0,1,0
BRDA:22,1,0,0
BRDA:22,1,1,0
BRF:4
BRH:0
end_of_record
TN:
SF:src\components\Toast.tsx
FN:4,getToastColor
FN:15,ToastItem
FN:33,(anonymous_2)
FN:43,ToastContainer
FN:53,(anonymous_4)
FNF:5
FNH:0
FNDA:0,getToastColor
FNDA:0,ToastItem
FNDA:0,(anonymous_2)
FNDA:0,ToastContainer
FNDA:0,(anonymous_4)
DA:5,0
DA:7,0
DA:9,0
DA:11,0
DA:16,0
DA:17,0
DA:19,0
DA:33,0
DA:44,0
DA:46,0
DA:48,0
DA:54,0
LF:12
LH:0
BRDA:5,0,0,0
BRDA:5,0,1,0
BRDA:5,0,2,0
BRDA:26,1,0,0
BRDA:26,1,1,0
BRDA:46,2,0,0
BRDA:46,2,1,0
BRF:7
BRH:0
end_of_record
TN:
SF:src\components\modals\AddEditBoardModal.tsx
FN:19,AddEditBoardModal
FN:43,(anonymous_1)
FN:48,(anonymous_2)
FN:61,(anonymous_3)
FN:65,(anonymous_4)
FN:66,(anonymous_5)
FN:71,(anonymous_6)
FN:76,(anonymous_7)
FN:82,(anonymous_8)
FN:85,(anonymous_9)
FN:90,(anonymous_10)
FN:108,(anonymous_11)
FN:128,(anonymous_12)
FN:134,(anonymous_13)
FN:140,(anonymous_14)
FN:146,(anonymous_15)
FN:154,(anonymous_16)
FN:155,(anonymous_17)
FN:173,(anonymous_18)
FN:199,(anonymous_19)
FN:211,(anonymous_20)
FN:221,(anonymous_21)
FNF:22
FNH:0
FNDA:0,AddEditBoardModal
FNDA:0,(anonymous_1)
FNDA:0,(anonymous_2)
FNDA:0,(anonymous_3)
FNDA:0,(anonymous_4)
FNDA:0,(anonymous_5)
FNDA:0,(anonymous_6)
FNDA:0,(anonymous_7)
FNDA:0,(anonymous_8)
FNDA:0,(anonymous_9)
FNDA:0,(anonymous_10)
FNDA:0,(anonymous_11)
FNDA:0,(anonymous_12)
FNDA:0,(anonymous_13)
FNDA:0,(anonymous_14)
FNDA:0,(anonymous_15)
FNDA:0,(anonymous_16)
FNDA:0,(anonymous_17)
FNDA:0,(anonymous_18)
FNDA:0,(anonymous_19)
FNDA:0,(anonymous_20)
FNDA:0,(anonymous_21)
DA:9,0
DA:10,0
DA:11,0
DA:24,0
DA:25,0
DA:26,0
DA:29,0
DA:30,0
DA:31,0
DA:33,0
DA:34,0
DA:37,0
DA:43,0
DA:44,0
DA:45,0
DA:46,0
DA:47,0
DA:48,0
DA:51,0
DA:52,0
DA:57,0
DA:61,0
DA:62,0
DA:65,0
DA:66,0
DA:68,0
DA:69,0
DA:71,0
DA:76,0
DA:77,0
DA:78,0
DA:79,0
DA:82,0
DA:83,0
DA:85,0
DA:90,0
DA:94,0
DA:97,0
DA:98,0
DA:99,0
DA:100,0
DA:101,0
DA:102,0
DA:103,0
DA:107,0
DA:108,0
DA:109,0
DA:110,0
DA:111,0
DA:112,0
DA:113,0
DA:120,0
DA:121,0
DA:124,0
DA:125,0
DA:128,0
DA:129,0
DA:130,0
DA:131,0
DA:134,0
DA:136,0
DA:137,0
DA:140,0
DA:142,0
DA:144,0
DA:146,0
DA:148,0
DA:151,0
DA:154,0
DA:155,0
DA:157,0
DA:174,0
DA:175,0
DA:200,0
DA:201,0
DA:202,0
DA:204,0
DA:211,0
DA:221,0
LF:79
LH:0
BRDA:44,0,0,0
BRDA:44,0,1,0
BRDA:45,1,0,0
BRDA:45,1,1,0
BRDA:68,2,0,0
BRDA:68,2,1,0
BRDA:82,3,0,0
BRDA:82,3,1,0
BRDA:82,4,0,0
BRDA:82,4,1,0
BRDA:98,5,0,0
BRDA:98,5,1,0
BRDA:100,6,0,0
BRDA:100,6,1,0
BRDA:102,7,0,0
BRDA:102,7,1,0
BRDA:110,8,0,0
BRDA:110,8,1,0
BRDA:112,9,0,0
BRDA:112,9,1,0
BRDA:120,10,0,0
BRDA:120,10,1,0
BRDA:129,11,0,0
BRDA:129,11,1,0
BRDA:136,12,0,0
BRDA:136,12,1,0
BRDA:136,13,0,0
BRDA:136,13,1,0
BRDA:161,14,0,0
BRDA:161,14,1,0
BRDA:175,15,0,0
BRDA:175,15,1,0
BRDA:178,16,0,0
BRDA:178,16,1,0
BRDA:180,17,0,0
BRDA:180,17,1,0
BRDA:183,18,0,0
BRDA:183,18,1,0
BRDA:213,19,0,0
BRDA:213,19,1,0
BRDA:215,20,0,0
BRDA:215,20,1,0
BRDA:228,21,0,0
BRDA:228,21,1,0
BRDA:257,22,0,0
BRDA:257,22,1,0
BRF:46
BRH:0
end_of_record
TN:
SF:src\components\modals\AddEditTaskModal.tsx
FN:20,AddEditTaskModal
FN:54,(anonymous_1)
FN:59,(anonymous_2)
FN:76,(anonymous_3)
FN:77,(anonymous_4)
FN:88,(anonymous_5)
FN:93,(anonymous_6)
FN:100,(anonymous_7)
FN:101,(anonymous_8)
FN:106,(anonymous_9)
FN:111,(anonymous_10)
FN:117,(anonymous_11)
FN:120,(anonymous_12)
FN:125,(anonymous_13)
FN:138,(anonymous_14)
FN:144,(anonymous_15)
FN:171,(anonymous_16)
FN:195,(anonymous_17)
FN:215,(anonymous_18)
FN:222,(anonymous_19)
FN:231,(anonymous_20)
FN:232,(anonymous_21)
FN:245,(anonymous_22)
FN:246,(anonymous_23)
FN:258,(anonymous_24)
FN:259,(anonymous_25)
FN:277,(anonymous_26)
FN:308,(anonymous_27)
FN:332,(anonymous_28)
FN:344,(anonymous_29)
FN:354,(anonymous_30)
FN:392,(anonymous_31)
FN:417,(anonymous_32)
FN:424,(anonymous_33)
FN:429,(anonymous_34)
FNF:35
FNH:0
FNDA:0,AddEditTaskModal
FNDA:0,(anonymous_1)
FNDA:0,(anonymous_2)
FNDA:0,(anonymous_3)
FNDA:0,(anonymous_4)
FNDA:0,(anonymous_5)
FNDA:0,(anonymous_6)
FNDA:0,(anonymous_7)
FNDA:0,(anonymous_8)
FNDA:0,(anonymous_9)
FNDA:0,(anonymous_10)
FNDA:0,(anonymous_11)
FNDA:0,(anonymous_12)
FNDA:0,(anonymous_13)
FNDA:0,(anonymous_14)
FNDA:0,(anonymous_15)
FNDA:0,(anonymous_16)
FNDA:0,(anonymous_17)
FNDA:0,(anonymous_18)
FNDA:0,(anonymous_19)
FNDA:0,(anonymous_20)
FNDA:0,(anonymous_21)
FNDA:0,(anonymous_22)
FNDA:0,(anonymous_23)
FNDA:0,(anonymous_24)
FNDA:0,(anonymous_25)
FNDA:0,(anonymous_26)
FNDA:0,(anonymous_27)
FNDA:0,(anonymous_28)
FNDA:0,(anonymous_29)
FNDA:0,(anonymous_30)
FNDA:0,(anonymous_31)
FNDA:0,(anonymous_32)
FNDA:0,(anonymous_33)
FNDA:0,(anonymous_34)
DA:9,0
DA:10,0
DA:11,0
DA:12,0
DA:25,0
DA:26,0
DA:27,0
DA:30,0
DA:31,0
DA:32,0
DA:33,0
DA:34,0
DA:36,0
DA:37,0
DA:38,0
DA:41,0
DA:42,0
DA:43,0
DA:44,0
DA:50,0
DA:51,0
DA:54,0
DA:55,0
DA:56,0
DA:57,0
DA:58,0
DA:59,0
DA:60,0
DA:62,0
DA:63,0
DA:64,0
DA:67,0
DA:69,0
DA:70,0
DA:71,0
DA:76,0
DA:77,0
DA:78,0
DA:82,0
DA:83,0
DA:87,0
DA:88,0
DA:91,0
DA:93,0
DA:94,0
DA:100,0
DA:101,0
DA:103,0
DA:104,0
DA:106,0
DA:111,0
DA:112,0
DA:113,0
DA:114,0
DA:117,0
DA:118,0
DA:120,0
DA:125,0
DA:126,0
DA:127,0
DA:128,0
DA:129,0
DA:130,0
DA:132,0
DA:135,0
DA:137,0
DA:138,0
DA:139,0
DA:141,0
DA:143,0
DA:144,0
DA:145,0
DA:147,0
DA:150,0
DA:151,0
DA:152,0
DA:153,0
DA:154,0
DA:155,0
DA:157,0
DA:159,0
DA:160,0
DA:161,0
DA:162,0
DA:163,0
DA:165,0
DA:166,0
DA:167,0
DA:171,0
DA:176,0
DA:179,0
DA:180,0
DA:181,0
DA:182,0
DA:183,0
DA:184,0
DA:185,0
DA:189,0
DA:190,0
DA:194,0
DA:195,0
DA:196,0
DA:197,0
DA:198,0
DA:199,0
DA:200,0
DA:207,0
DA:208,0
DA:211,0
DA:212,0
DA:215,0
DA:216,0
DA:217,0
DA:218,0
DA:222,0
DA:223,0
DA:225,0
DA:226,0
DA:231,0
DA:232,0
DA:238,0
DA:240,0
DA:245,0
DA:246,0
DA:252,0
DA:255,0
DA:258,0
DA:259,0
DA:261,0
DA:278,0
DA:279,0
DA:309,0
DA:310,0
DA:333,0
DA:334,0
DA:335,0
DA:337,0
DA:344,0
DA:354,0
DA:392,0
DA:418,0
DA:425,0
DA:426,0
DA:427,0
DA:430,0
DA:431,0
DA:432,0
DA:433,0
DA:434,0
DA:435,0
LF:150
LH:0
BRDA:55,0,0,0
BRDA:55,0,1,0
BRDA:56,1,0,0
BRDA:56,1,1,0
BRDA:67,2,0,0
BRDA:67,2,1,0
BRDA:78,3,0,0
BRDA:78,3,1,0
BRDA:79,4,0,0
BRDA:79,4,1,0
BRDA:91,5,0,0
BRDA:91,5,1,0
BRDA:103,6,0,0
BRDA:103,6,1,0
BRDA:117,7,0,0
BRDA:117,7,1,0
BRDA:117,8,0,0
BRDA:117,8,1,0
BRDA:126,9,0,0
BRDA:126,9,1,0
BRDA:127,10,0,0
BRDA:127,10,1,0
BRDA:127,11,0,0
BRDA:127,11,1,0
BRDA:127,11,2,0
BRDA:135,12,0,0
BRDA:135,12,1,0
BRDA:135,12,2,0
BRDA:135,12,3,0
BRDA:135,12,4,0
BRDA:135,12,5,0
BRDA:139,13,0,0
BRDA:139,13,1,0
BRDA:145,14,0,0
BRDA:145,14,1,0
BRDA:151,15,0,0
BRDA:151,15,1,0
BRDA:151,16,0,0
BRDA:151,16,1,0
BRDA:180,17,0,0
BRDA:180,17,1,0
BRDA:182,18,0,0
BRDA:182,18,1,0
BRDA:184,19,0,0
BRDA:184,19,1,0
BRDA:189,20,0,0
BRDA:189,20,1,0
BRDA:197,21,0,0
BRDA:197,21,1,0
BRDA:199,22,0,0
BRDA:199,22,1,0
BRDA:207,23,0,0
BRDA:207,23,1,0
BRDA:216,24,0,0
BRDA:216,24,1,0
BRDA:223,25,0,0
BRDA:223,25,1,0
BRDA:225,26,0,0
BRDA:225,26,1,0
BRDA:225,27,0,0
BRDA:225,27,1,0
BRDA:265,28,0,0
BRDA:265,28,1,0
BRDA:279,29,0,0
BRDA:279,29,1,0
BRDA:282,30,0,0
BRDA:282,30,1,0
BRDA:284,31,0,0
BRDA:284,31,1,0
BRDA:287,32,0,0
BRDA:287,32,1,0
BRDA:310,33,0,0
BRDA:310,33,1,0
BRDA:313,34,0,0
BRDA:313,34,1,0
BRDA:317,35,0,0
BRDA:317,35,1,0
BRDA:346,36,0,0
BRDA:346,36,1,0
BRDA:348,37,0,0
BRDA:348,37,1,0
BRDA:361,38,0,0
BRDA:361,38,1,0
BRDA:399,39,0,0
BRDA:399,39,1,0
BRDA:401,40,0,0
BRDA:401,40,1,0
BRDA:405,41,0,0
BRDA:405,41,1,0
BRDA:412,42,0,0
BRDA:412,42,1,0
BRDA:430,43,0,0
BRDA:430,43,1,0
BRDA:430,44,0,0
BRDA:430,44,1,0
BRDA:438,45,0,0
BRDA:438,45,1,0
BRDA:438,46,0,0
BRDA:438,46,1,0
BRDA:453,47,0,0
BRDA:453,47,1,0
BRF:101
BRH:0
end_of_record
TN:
SF:src\components\modals\DeleteModal.tsx
FN:11,DeleteModal
FN:18,(anonymous_1)
FNF:2
FNH:0
FNDA:0,DeleteModal
FNDA:0,(anonymous_1)
DA:18,0
DA:19,0
DA:20,0
DA:23,0
LF:4
LH:0
BRDA:30,0,0,0
BRDA:30,0,1,0
BRF:2
BRH:0
end_of_record
TN:
SF:src\components\modals\Modal.tsx
FN:11,Modal
FN:22,(anonymous_1)
FN:31,(anonymous_2)
FN:40,(anonymous_3)
FN:48,(anonymous_4)
FN:61,(anonymous_5)
FN:65,(anonymous_6)
FN:76,(anonymous_7)
FNF:8
FNH:0
FNDA:0,Modal
FNDA:0,(anonymous_1)
FNDA:0,(anonymous_2)
FNDA:0,(anonymous_3)
FNDA:0,(anonymous_4)
FNDA:0,(anonymous_5)
FNDA:0,(anonymous_6)
FNDA:0,(anonymous_7)
DA:17,0
DA:18,0
DA:21,0
DA:23,0
DA:24,0
DA:31,0
DA:32,0
DA:34,0
DA:36,0
DA:37,0
DA:40,0
DA:41,0
DA:44,0
DA:48,0
DA:49,0
DA:50,0
DA:53,0
DA:54,0
DA:59,0
DA:61,0
DA:62,0
DA:65,0
DA:66,0
DA:69,0
DA:77,0
LF:25
LH:0
BRDA:23,0,0,0
BRDA:23,0,1,0
BRDA:32,1,0,0
BRDA:32,1,1,0
BRDA:53,2,0,0
BRDA:53,2,1,0
BRDA:59,3,0,0
BRDA:59,3,1,0
BRDA:74,4,0,0
BRDA:74,4,1,0
BRDA:77,5,0,0
BRDA:77,5,1,0
BRDA:90,6,0,0
BRDA:90,6,1,0
BRF:14
BRH:0
end_of_record
TN:
SF:src\components\modals\ViewTaskModal.tsx
FN:15,ViewTaskModal
FN:29,(anonymous_1)
FN:30,(anonymous_2)
FN:43,(anonymous_3)
FN:48,(anonymous_4)
FN:52,(anonymous_5)
FN:57,(anonymous_6)
FN:70,(anonymous_7)
FN:83,(anonymous_8)
FN:93,(anonymous_9)
FN:121,(anonymous_10)
FN:124,(anonymous_11)
FN:147,(anonymous_12)
FN:158,(anonymous_13)
FN:161,(anonymous_14)
FNF:15
FNH:0
FNDA:0,ViewTaskModal
FNDA:0,(anonymous_1)
FNDA:0,(anonymous_2)
FNDA:0,(anonymous_3)
FNDA:0,(anonymous_4)
FNDA:0,(anonymous_5)
FNDA:0,(anonymous_6)
FNDA:0,(anonymous_7)
FNDA:0,(anonymous_8)
FNDA:0,(anonymous_9)
FNDA:0,(anonymous_10)
FNDA:0,(anonymous_11)
FNDA:0,(anonymous_12)
FNDA:0,(anonymous_13)
FNDA:0,(anonymous_14)
DA:22,0
DA:23,0
DA:24,0
DA:25,0
DA:26,0
DA:29,0
DA:30,0
DA:31,0
DA:32,0
DA:34,0
DA:38,0
DA:42,0
DA:43,0
DA:46,0
DA:48,0
DA:49,0
DA:50,0
DA:52,0
DA:53,0
DA:54,0
DA:57,0
DA:58,0
DA:61,0
DA:70,0
DA:84,0
DA:85,0
DA:94,0
DA:95,0
DA:122,0
DA:124,0
DA:147,0
DA:159,0
DA:161,0
LF:33
LH:0
BRDA:31,0,0,0
BRDA:31,0,1,0
BRDA:31,1,0,0
BRDA:31,1,1,0
BRDA:34,2,0,0
BRDA:34,2,1,0
BRDA:35,3,0,0
BRDA:35,3,1,0
BRDA:46,4,0,0
BRDA:46,4,1,0
BRDA:46,5,0,0
BRDA:46,5,1,0
BRDA:77,6,0,0
BRDA:77,6,1,0
BRDA:108,7,0,0
BRDA:108,7,1,0
BRDA:115,8,0,0
BRDA:115,8,1,0
BRDA:128,9,0,0
BRDA:128,9,1,0
BRDA:130,10,0,0
BRDA:130,10,1,0
BRDA:133,11,0,0
BRDA:133,11,1,0
BRDA:152,12,0,0
BRDA:152,12,1,0
BRDA:156,13,0,0
BRDA:156,13,1,0
BRDA:162,14,0,0
BRDA:162,14,1,0
BRF:30
BRH:0
end_of_record
TN:
SF:src\context\AuthContext.tsx
FN:40,loadAuthState
FN:55,AuthProvider
FN:58,(anonymous_2)
FN:60,(anonymous_3)
FN:63,(anonymous_4)
FN:71,(anonymous_5)
FN:73,(anonymous_6)
FN:88,(anonymous_7)
FN:100,useAuth
FNF:9
FNH:6
FNDA:44,loadAuthState
FNDA:22,AuthProvider
FNDA:22,(anonymous_2)
FNDA:22,(anonymous_3)
FNDA:22,(anonymous_4)
FNDA:0,(anonymous_5)
FNDA:0,(anonymous_6)
FNDA:0,(anonymous_7)
FNDA:19,useAuth
DA:22,5
DA:24,5
DA:27,5
DA:34,5
DA:41,44
DA:42,44
DA:43,44
DA:44,0
DA:45,0
DA:46,0
DA:50,0
DA:52,44
DA:57,22
DA:58,22
DA:60,22
DA:63,22
DA:64,22
DA:65,0
DA:67,22
DA:71,22
DA:73,0
DA:76,0
DA:80,0
DA:81,0
DA:82,0
DA:85,0
DA:88,22
DA:89,0
DA:90,0
DA:93,22
DA:101,19
DA:102,19
DA:103,0
DA:105,19
LF:34
LH:20
BRDA:43,0,0,0
BRDA:43,0,1,44
BRDA:45,1,0,0
BRDA:45,1,1,0
BRDA:45,2,0,0
BRDA:45,2,1,0
BRDA:64,3,0,0
BRDA:64,3,1,22
BRDA:64,4,0,22
BRDA:64,4,1,0
BRDA:76,5,0,0
BRDA:76,5,1,0
BRDA:77,6,0,0
BRDA:77,6,1,0
BRDA:102,7,0,0
BRDA:102,7,1,19
BRF:16
BRH:4
end_of_record
TN:
SF:src\context\BoardContext.tsx
FN:16,(anonymous_0)
FN:21,(anonymous_1)
FN:25,(anonymous_2)
FN:37,(anonymous_3)
FN:51,(anonymous_4)
FN:56,(anonymous_5)
FN:58,(anonymous_6)
FN:70,(anonymous_7)
FN:74,(anonymous_8)
FN:80,(anonymous_9)
FN:85,(anonymous_10)
FN:90,(anonymous_11)
FN:91,(anonymous_12)
FN:95,(anonymous_13)
FN:96,(anonymous_14)
FN:111,(anonymous_15)
FN:112,(anonymous_16)
FN:113,(anonymous_17)
FN:119,(anonymous_18)
FN:120,(anonymous_19)
FN:121,(anonymous_20)
FN:134,(anonymous_21)
FN:135,(anonymous_22)
FN:136,(anonymous_23)
FN:138,(anonymous_24)
FN:146,(anonymous_25)
FN:147,(anonymous_26)
FN:159,(anonymous_27)
FN:163,(anonymous_28)
FN:166,(anonymous_29)
FN:167,(anonymous_30)
FN:169,(anonymous_31)
FN:183,(anonymous_32)
FN:184,(anonymous_33)
FN:185,(anonymous_34)
FN:191,(anonymous_35)
FN:192,(anonymous_36)
FN:203,(anonymous_37)
FN:207,(anonymous_38)
FN:221,(anonymous_39)
FN:223,(anonymous_40)
FN:232,(anonymous_41)
FN:233,(anonymous_42)
FN:234,(anonymous_43)
FN:236,(anonymous_44)
FN:238,(anonymous_45)
FN:245,(anonymous_46)
FN:251,(anonymous_47)
FN:252,(anonymous_48)
FN:256,(anonymous_49)
FN:258,(anonymous_50)
FN:263,(anonymous_51)
FN:269,(anonymous_52)
FN:280,(anonymous_53)
FN:299,(anonymous_54)
FN:300,(anonymous_55)
FN:301,(anonymous_56)
FN:303,(anonymous_57)
FN:305,(anonymous_58)
FN:309,(anonymous_59)
FN:322,(anonymous_60)
FN:360,(anonymous_61)
FNF:62
FNH:0
FNDA:0,(anonymous_0)
FNDA:0,(anonymous_1)
FNDA:0,(anonymous_2)
FNDA:0,(anonymous_3)
FNDA:0,(anonymous_4)
FNDA:0,(anonymous_5)
FNDA:0,(anonymous_6)
FNDA:0,(anonymous_7)
FNDA:0,(anonymous_8)
FNDA:0,(anonymous_9)
FNDA:0,(anonymous_10)
FNDA:0,(anonymous_11)
FNDA:0,(anonymous_12)
FNDA:0,(anonymous_13)
FNDA:0,(anonymous_14)
FNDA:0,(anonymous_15)
FNDA:0,(anonymous_16)
FNDA:0,(anonymous_17)
FNDA:0,(anonymous_18)
FNDA:0,(anonymous_19)
FNDA:0,(anonymous_20)
FNDA:0,(anonymous_21)
FNDA:0,(anonymous_22)
FNDA:0,(anonymous_23)
FNDA:0,(anonymous_24)
FNDA:0,(anonymous_25)
FNDA:0,(anonymous_26)
FNDA:0,(anonymous_27)
FNDA:0,(anonymous_28)
FNDA:0,(anonymous_29)
FNDA:0,(anonymous_30)
FNDA:0,(anonymous_31)
FNDA:0,(anonymous_32)
FNDA:0,(anonymous_33)
FNDA:0,(anonymous_34)
FNDA:0,(anonymous_35)
FNDA:0,(anonymous_36)
FNDA:0,(anonymous_37)
FNDA:0,(anonymous_38)
FNDA:0,(anonymous_39)
FNDA:0,(anonymous_40)
FNDA:0,(anonymous_41)
FNDA:0,(anonymous_42)
FNDA:0,(anonymous_43)
FNDA:0,(anonymous_44)
FNDA:0,(anonymous_45)
FNDA:0,(anonymous_46)
FNDA:0,(anonymous_47)
FNDA:0,(anonymous_48)
FNDA:0,(anonymous_49)
FNDA:0,(anonymous_50)
FNDA:0,(anonymous_51)
FNDA:0,(anonymous_52)
FNDA:0,(anonymous_53)
FNDA:0,(anonymous_54)
FNDA:0,(anonymous_55)
FNDA:0,(anonymous_56)
FNDA:0,(anonymous_57)
FNDA:0,(anonymous_58)
FNDA:0,(anonymous_59)
FNDA:0,(anonymous_60)
FNDA:0,(anonymous_61)
DA:13,0
DA:16,0
DA:17,0
DA:19,0
DA:21,0
DA:25,0
DA:26,0
DA:27,0
DA:28,0
DA:29,0
DA:31,0
DA:34,0
DA:37,0
DA:38,0
DA:39,0
DA:40,0
DA:41,0
DA:42,0
DA:44,0
DA:47,0
DA:51,0
DA:52,0
DA:56,0
DA:57,0
DA:58,0
DA:59,0
DA:60,0
DA:61,0
DA:62,0
DA:64,0
DA:70,0
DA:71,0
DA:74,0
DA:80,0
DA:81,0
DA:84,0
DA:90,0
DA:91,0
DA:92,0
DA:95,0
DA:96,0
DA:97,0
DA:104,0
DA:111,0
DA:112,0
DA:113,0
DA:114,0
DA:119,0
DA:120,0
DA:121,0
DA:122,0
DA:123,0
DA:134,0
DA:135,0
DA:136,0
DA:139,0
DA:145,0
DA:147,0
DA:148,0
DA:149,0
DA:150,0
DA:152,0
DA:158,0
DA:160,0
DA:163,0
DA:166,0
DA:167,0
DA:170,0
DA:172,0
DA:173,0
DA:175,0
DA:183,0
DA:184,0
DA:185,0
DA:187,0
DA:188,0
DA:191,0
DA:192,0
DA:193,0
DA:194,0
DA:195,0
DA:200,0
DA:201,0
DA:204,0
DA:205,0
DA:207,0
DA:210,0
DA:211,0
DA:213,0
DA:219,0
DA:221,0
DA:224,0
DA:232,0
DA:233,0
DA:234,0
DA:236,0
DA:238,0
DA:244,0
DA:251,0
DA:252,0
DA:253,0
DA:256,0
DA:257,0
DA:258,0
DA:259,0
DA:260,0
DA:263,0
DA:267,0
DA:269,0
DA:272,0
DA:275,0
DA:278,0
DA:281,0
DA:282,0
DA:283,0
DA:284,0
DA:286,0
DA:288,0
DA:290,0
DA:299,0
DA:300,0
DA:301,0
DA:303,0
DA:306,0
DA:307,0
DA:310,0
DA:321,0
DA:322,0
DA:355,0
DA:360,0
DA:361,0
DA:362,0
DA:363,0
DA:365,0
LF:134
LH:0
BRDA:27,0,0,0
BRDA:27,0,1,0
BRDA:39,1,0,0
BRDA:39,1,1,0
BRDA:42,2,0,0
BRDA:42,2,1,0
BRDA:44,3,0,0
BRDA:44,3,1,0
BRDA:47,4,0,0
BRDA:47,4,1,0
BRDA:57,5,0,0
BRDA:57,5,1,0
BRDA:59,6,0,0
BRDA:59,6,1,0
BRDA:61,7,0,0
BRDA:61,7,1,0
BRDA:92,8,0,0
BRDA:92,8,1,0
BRDA:98,9,0,0
BRDA:98,9,1,0
BRDA:100,10,0,0
BRDA:100,10,1,0
BRDA:122,11,0,0
BRDA:122,11,1,0
BRDA:139,12,0,0
BRDA:139,12,1,0
BRDA:148,13,0,0
BRDA:148,13,1,0
BRDA:170,14,0,0
BRDA:170,14,1,0
BRDA:170,15,0,0
BRDA:170,15,1,0
BRDA:172,16,0,0
BRDA:172,16,1,0
BRDA:172,17,0,0
BRDA:172,17,1,0
BRDA:193,18,0,0
BRDA:193,18,1,0
BRDA:193,19,0,0
BRDA:193,19,1,0
BRDA:193,19,2,0
BRDA:200,20,0,0
BRDA:200,20,1,0
BRDA:200,21,0,0
BRDA:200,21,1,0
BRDA:200,21,2,0
BRDA:204,22,0,0
BRDA:204,22,1,0
BRDA:210,23,0,0
BRDA:210,23,1,0
BRDA:224,24,0,0
BRDA:224,24,1,0
BRDA:257,25,0,0
BRDA:257,25,1,0
BRDA:259,26,0,0
BRDA:259,26,1,0
BRDA:263,27,0,0
BRDA:263,27,1,0
BRDA:275,28,0,0
BRDA:275,28,1,0
BRDA:281,29,0,0
BRDA:281,29,1,0
BRDA:283,30,0,0
BRDA:283,30,1,0
BRDA:306,31,0,0
BRDA:306,31,1,0
BRDA:310,32,0,0
BRDA:310,32,1,0
BRDA:362,33,0,0
BRDA:362,33,1,0
BRF:70
BRH:0
end_of_record
TN:
SF:src\context\ThemeContext.tsx
FN:13,(anonymous_0)
FN:14,(anonymous_1)
FN:19,(anonymous_2)
FN:25,(anonymous_3)
FN:26,(anonymous_4)
FN:29,(anonymous_5)
FN:38,(anonymous_6)
FNF:7
FNH:4
FNDA:22,(anonymous_0)
FNDA:22,(anonymous_1)
FNDA:22,(anonymous_2)
FNDA:0,(anonymous_3)
FNDA:0,(anonymous_4)
FNDA:22,(anonymous_5)
FNDA:0,(anonymous_6)
DA:11,5
DA:13,5
DA:14,22
DA:15,22
DA:16,22
DA:19,22
DA:20,22
DA:21,22
DA:22,22
DA:25,22
DA:26,0
DA:29,22
DA:31,22
DA:38,5
DA:39,0
DA:40,0
DA:41,0
DA:43,0
LF:18
LH:13
BRDA:16,0,0,22
BRDA:16,0,1,3
BRDA:26,1,0,0
BRDA:26,1,1,0
BRDA:40,2,0,0
BRDA:40,2,1,0
BRF:6
BRH:2
end_of_record
TN:
SF:src\pages\Admin.tsx
FN:5,Admin
FN:10,(anonymous_1)
FN:17,(anonymous_2)
FN:19,(anonymous_3)
FN:19,(anonymous_4)
FN:23,(anonymous_5)
FN:26,(anonymous_6)
FN:29,(anonymous_7)
FN:29,(anonymous_8)
FN:37,(anonymous_9)
FN:40,(anonymous_10)
FN:40,(anonymous_11)
FN:116,(anonymous_12)
FN:132,(anonymous_13)
FN:152,StatCard
FNF:15
FNH:0
FNDA:0,Admin
FNDA:0,(anonymous_1)
FNDA:0,(anonymous_2)
FNDA:0,(anonymous_3)
FNDA:0,(anonymous_4)
FNDA:0,(anonymous_5)
FNDA:0,(anonymous_6)
FNDA:0,(anonymous_7)
FNDA:0,(anonymous_8)
FNDA:0,(anonymous_9)
FNDA:0,(anonymous_10)
FNDA:0,(anonymous_11)
FNDA:0,(anonymous_12)
FNDA:0,(anonymous_13)
FNDA:0,StatCard
DA:6,0
DA:7,0
DA:8,0
DA:10,0
DA:11,0
DA:12,0
DA:16,0
DA:17,0
DA:18,0
DA:19,0
DA:22,0
DA:24,0
DA:27,0
DA:29,0
DA:36,0
DA:38,0
DA:40,0
DA:46,0
DA:117,0
DA:132,0
DA:153,0
LF:21
LH:0
BRDA:88,0,0,0
BRDA:88,0,1,0
BRF:2
BRH:0
end_of_record
TN:
SF:src\pages\BoardView.tsx
FN:16,BoardView
FN:33,(anonymous_1)
FN:40,(anonymous_2)
FN:68,(anonymous_3)
FN:86,(anonymous_4)
FN:96,(anonymous_5)
FN:108,(anonymous_6)
FNF:7
FNH:4
FNDA:24,BoardView
FNDA:19,(anonymous_1)
FNDA:13,(anonymous_2)
FNDA:0,(anonymous_3)
FNDA:0,(anonymous_4)
FNDA:0,(anonymous_5)
FNDA:18,(anonymous_6)
DA:20,24
DA:21,24
DA:30,24
DA:33,24
DA:34,19
DA:35,6
DA:40,24
DA:41,13
DA:42,6
DA:43,6
DA:45,1
DA:51,24
DA:52,12
DA:56,12
DA:57,1
DA:60,11
DA:61,0
DA:68,0
DA:78,11
DA:79,2
DA:86,0
DA:96,9
DA:97,0
DA:98,0
DA:101,9
DA:109,18
LF:26
LH:21
BRDA:34,0,0,6
BRDA:34,0,1,13
BRDA:34,1,0,19
BRDA:34,1,1,13
BRDA:34,1,2,7
BRDA:41,2,0,6
BRDA:41,2,1,7
BRDA:41,3,0,13
BRDA:41,3,1,13
BRDA:43,4,0,1
BRDA:43,4,1,5
BRDA:51,5,0,12
BRDA:51,5,1,12
BRDA:51,6,0,24
BRDA:51,6,1,18
BRDA:51,6,2,7
BRDA:56,7,0,1
BRDA:56,7,1,11
BRDA:60,8,0,0
BRDA:60,8,1,11
BRDA:78,9,0,2
BRDA:78,9,1,9
BRF:22
BRH:21
end_of_record
TN:
SF:src\pages\Dashboard.tsx
FN:11,Dashboard
FN:16,(anonymous_1)
FN:49,(anonymous_2)
FN:70,(anonymous_3)
FN:74,(anonymous_4)
FN:85,(anonymous_5)
FNF:6
FNH:5
FNDA:19,Dashboard
FNDA:19,(anonymous_1)
FNDA:6,(anonymous_2)
FNDA:10,(anonymous_3)
FNDA:10,(anonymous_4)
FNDA:0,(anonymous_5)
DA:12,19
DA:13,19
DA:16,19
DA:17,19
DA:18,5
DA:23,19
DA:24,6
DA:28,13
DA:29,2
DA:32,11
DA:50,6
DA:70,10
DA:74,10
DA:86,0
LF:14
LH:13
BRDA:17,0,0,5
BRDA:17,0,1,14
BRDA:17,1,0,19
BRDA:17,1,1,13
BRDA:17,1,2,7
BRDA:23,2,0,6
BRDA:23,2,1,13
BRDA:23,3,0,19
BRDA:23,3,1,6
BRDA:28,4,0,2
BRDA:28,4,1,11
BRDA:40,5,0,0
BRDA:40,5,1,11
BRDA:67,6,0,6
BRDA:67,6,1,0
BRDA:74,7,0,6
BRDA:74,7,1,0
BRDA:112,8,0,19
BRDA:112,8,1,6
BRF:19
BRH:16
end_of_record
TN:
SF:src\pages\Login.tsx
FN:7,Login
FN:22,(anonymous_1)
FN:72,(anonymous_2)
FN:85,(anonymous_3)
FNF:4
FNH:0
FNDA:0,Login
FNDA:0,(anonymous_1)
FNDA:0,(anonymous_2)
FNDA:0,(anonymous_3)
DA:8,0
DA:9,0
DA:10,0
DA:11,0
DA:13,0
DA:14,0
DA:15,0
DA:16,0
DA:20,0
DA:22,0
DA:23,0
DA:24,0
DA:25,0
DA:27,0
DA:29,0
DA:30,0
DA:32,0
DA:37,0
DA:40,0
DA:72,0
DA:85,0
LF:21
LH:0
BRDA:20,0,0,0
BRDA:20,0,1,0
BRDA:29,1,0,0
BRDA:29,1,1,0
BRDA:54,2,0,0
BRDA:54,2,1,0
BRDA:93,3,0,0
BRDA:93,3,1,0
BRDA:111,4,0,0
BRDA:111,4,1,0
BRF:10
BRH:0
end_of_record
TN:
SF:src\pages\NotFound.tsx
FN:5,NotFound
FN:39,(anonymous_1)
FNF:2
FNH:0
FNDA:0,NotFound
FNDA:0,(anonymous_1)
DA:6,0
DA:7,0
DA:9,0
DA:39,0
LF:4
LH:0
BRDA:17,0,0,0
BRDA:17,0,1,0
BRF:2
BRH:0
end_of_record
TN:
SF:src\store\boardStore.ts
FN:7,(anonymous_0)
FN:53,(anonymous_1)
FN:60,(anonymous_2)
FN:85,(anonymous_3)
FN:87,(anonymous_4)
FN:88,(anonymous_5)
FN:96,(anonymous_6)
FN:100,(anonymous_7)
FN:106,(anonymous_8)
FN:112,(anonymous_9)
FN:113,(anonymous_10)
FN:114,(anonymous_11)
FN:117,(anonymous_12)
FN:118,(anonymous_13)
FN:129,(anonymous_14)
FN:139,(anonymous_15)
FN:140,(anonymous_16)
FN:141,(anonymous_17)
FN:151,(anonymous_18)
FN:152,(anonymous_19)
FN:153,(anonymous_20)
FN:164,(anonymous_21)
FN:174,(anonymous_22)
FN:175,(anonymous_23)
FN:176,(anonymous_24)
FN:178,(anonymous_25)
FN:186,(anonymous_26)
FN:192,(anonymous_27)
FN:196,(anonymous_28)
FN:202,(anonymous_29)
FN:203,(anonymous_30)
FN:205,(anonymous_31)
FN:216,(anonymous_32)
FN:223,(anonymous_33)
FN:224,(anonymous_34)
FN:225,(anonymous_35)
FN:230,(anonymous_36)
FN:231,(anonymous_37)
FN:242,(anonymous_38)
FN:246,(anonymous_39)
FN:260,(anonymous_40)
FN:262,(anonymous_41)
FN:272,(anonymous_42)
FN:278,(anonymous_43)
FN:279,(anonymous_44)
FN:280,(anonymous_45)
FN:282,(anonymous_46)
FN:284,(anonymous_47)
FN:291,(anonymous_48)
FN:297,(anonymous_49)
FN:298,(anonymous_50)
FN:299,(anonymous_51)
FN:302,(anonymous_52)
FN:304,(anonymous_53)
FN:309,(anonymous_54)
FN:315,(anonymous_55)
FN:325,(anonymous_56)
FN:343,(anonymous_57)
FN:349,(anonymous_58)
FN:350,(anonymous_59)
FN:351,(anonymous_60)
FN:353,(anonymous_61)
FN:355,(anonymous_62)
FN:359,(anonymous_63)
FN:372,(anonymous_64)
FNF:65
FNH:47
FNDA:5,(anonymous_0)
FNDA:4,(anonymous_1)
FNDA:16,(anonymous_2)
FNDA:0,(anonymous_3)
FNDA:8,(anonymous_4)
FNDA:9,(anonymous_5)
FNDA:1,(anonymous_6)
FNDA:2,(anonymous_7)
FNDA:1,(anonymous_8)
FNDA:0,(anonymous_9)
FNDA:0,(anonymous_10)
FNDA:0,(anonymous_11)
FNDA:0,(anonymous_12)
FNDA:0,(anonymous_13)
FNDA:0,(anonymous_14)
FNDA:2,(anonymous_15)
FNDA:2,(anonymous_16)
FNDA:3,(anonymous_17)
FNDA:1,(anonymous_18)
FNDA:1,(anonymous_19)
FNDA:1,(anonymous_20)
FNDA:1,(anonymous_21)
FNDA:1,(anonymous_22)
FNDA:1,(anonymous_23)
FNDA:1,(anonymous_24)
FNDA:2,(anonymous_25)
FNDA:1,(anonymous_26)
FNDA:1,(anonymous_27)
FNDA:0,(anonymous_28)
FNDA:1,(anonymous_29)
FNDA:1,(anonymous_30)
FNDA:2,(anonymous_31)
FNDA:1,(anonymous_32)
FNDA:0,(anonymous_33)
FNDA:0,(anonymous_34)
FNDA:0,(anonymous_35)
FNDA:0,(anonymous_36)
FNDA:0,(anonymous_37)
FNDA:0,(anonymous_38)
FNDA:0,(anonymous_39)
FNDA:0,(anonymous_40)
FNDA:0,(anonymous_41)
FNDA:0,(anonymous_42)
FNDA:1,(anonymous_43)
FNDA:1,(anonymous_44)
FNDA:1,(anonymous_45)
FNDA:2,(anonymous_46)
FNDA:2,(anonymous_47)
FNDA:1,(anonymous_48)
FNDA:1,(anonymous_49)
FNDA:1,(anonymous_50)
FNDA:1,(anonymous_51)
FNDA:2,(anonymous_52)
FNDA:1,(anonymous_53)
FNDA:2,(anonymous_54)
FNDA:1,(anonymous_55)
FNDA:2,(anonymous_56)
FNDA:1,(anonymous_57)
FNDA:1,(anonymous_58)
FNDA:1,(anonymous_59)
FNDA:1,(anonymous_60)
FNDA:2,(anonymous_61)
FNDA:2,(anonymous_62)
FNDA:3,(anonymous_63)
FNDA:1,(anonymous_64)
DA:7,4
DA:8,5
DA:51,4
DA:53,4
DA:62,16
DA:64,15
DA:65,15
DA:66,15
DA:67,12
DA:75,1
DA:85,0
DA:88,9
DA:89,8
DA:90,6
DA:91,6
DA:93,2
DA:97,1
DA:100,2
DA:106,1
DA:113,0
DA:114,0
DA:115,0
DA:117,0
DA:118,0
DA:119,0
DA:126,0
DA:129,0
DA:130,0
DA:140,2
DA:141,3
DA:142,2
DA:152,1
DA:153,1
DA:154,1
DA:155,1
DA:164,1
DA:165,1
DA:175,1
DA:176,1
DA:179,2
DA:183,1
DA:186,1
DA:193,1
DA:196,0
DA:202,1
DA:203,1
DA:206,2
DA:207,1
DA:209,1
DA:213,1
DA:216,1
DA:224,0
DA:225,0
DA:226,0
DA:227,0
DA:230,0
DA:231,0
DA:232,0
DA:233,0
DA:234,0
DA:239,0
DA:240,0
DA:243,0
DA:244,0
DA:246,0
DA:249,0
DA:250,0
DA:252,0
DA:258,0
DA:260,0
DA:263,0
DA:269,0
DA:272,0
DA:279,1
DA:280,1
DA:282,2
DA:284,2
DA:288,1
DA:291,1
DA:298,1
DA:299,1
DA:300,1
DA:302,1
DA:303,2
DA:304,1
DA:305,1
DA:306,1
DA:309,2
DA:313,1
DA:315,1
DA:318,1
DA:321,1
DA:323,1
DA:326,2
DA:327,1
DA:328,1
DA:329,0
DA:331,1
DA:333,1
DA:335,1
DA:340,1
DA:343,1
DA:350,1
DA:351,1
DA:353,2
DA:356,2
DA:357,1
DA:360,3
DA:369,1
DA:372,1
DA:385,4
LF:111
LH:77
BRDA:62,0,0,1
BRDA:62,0,1,15
BRDA:69,1,0,12
BRDA:69,1,1,1
BRDA:78,2,0,1
BRDA:78,2,1,0
BRDA:89,3,0,6
BRDA:89,3,1,2
BRDA:115,4,0,0
BRDA:115,4,1,0
BRDA:120,5,0,0
BRDA:120,5,1,0
BRDA:122,6,0,0
BRDA:122,6,1,0
BRDA:133,7,0,0
BRDA:133,7,1,0
BRDA:134,8,0,0
BRDA:134,8,1,0
BRDA:145,9,0,2
BRDA:145,9,1,0
BRDA:146,10,0,2
BRDA:146,10,1,1
BRDA:154,11,0,0
BRDA:154,11,1,1
BRDA:168,12,0,1
BRDA:168,12,1,0
BRDA:169,13,0,1
BRDA:169,13,1,0
BRDA:179,14,0,1
BRDA:179,14,1,1
BRDA:185,15,0,1
BRDA:185,15,1,0
BRDA:186,16,0,1
BRDA:186,16,1,0
BRDA:206,17,0,1
BRDA:206,17,1,1
BRDA:206,18,0,2
BRDA:206,18,1,1
BRDA:215,19,0,1
BRDA:215,19,1,0
BRDA:216,20,0,1
BRDA:216,20,1,0
BRDA:232,21,0,0
BRDA:232,21,1,0
BRDA:232,22,0,0
BRDA:232,22,1,0
BRDA:232,22,2,0
BRDA:239,23,0,0
BRDA:239,23,1,0
BRDA:239,24,0,0
BRDA:239,24,1,0
BRDA:239,24,2,0
BRDA:243,25,0,0
BRDA:243,25,1,0
BRDA:249,26,0,0
BRDA:249,26,1,0
BRDA:263,27,0,0
BRDA:263,27,1,0
BRDA:271,28,0,0
BRDA:271,28,1,0
BRDA:272,29,0,0
BRDA:272,29,1,0
BRDA:290,30,0,1
BRDA:290,30,1,0
BRDA:291,31,0,1
BRDA:291,31,1,0
BRDA:303,32,0,1
BRDA:303,32,1,1
BRDA:305,33,0,1
BRDA:305,33,1,0
BRDA:309,34,0,1
BRDA:309,34,1,0
BRDA:321,35,0,0
BRDA:321,35,1,1
BRDA:326,36,0,1
BRDA:326,36,1,1
BRDA:328,37,0,0
BRDA:328,37,1,1
BRDA:342,38,0,1
BRDA:342,38,1,0
BRDA:343,39,0,1
BRDA:343,39,1,0
BRDA:356,40,0,1
BRDA:356,40,1,1
BRDA:360,41,0,1
BRDA:360,41,1,2
BRDA:371,42,0,1
BRDA:371,42,1,0
BRDA:372,43,0,1
BRDA:372,43,1,0
BRF:90
BRH:41
end_of_record
TN:
SF:src\store\toastStore.ts
FN:17,(anonymous_0)
FN:20,(anonymous_1)
FN:23,(anonymous_2)
FN:25,(anonymous_3)
FN:30,(anonymous_4)
FN:31,(anonymous_5)
FN:32,(anonymous_6)
FN:37,(anonymous_7)
FN:38,(anonymous_8)
FN:39,(anonymous_9)
FNF:10
FNH:0
FNDA:0,(anonymous_0)
FNDA:0,(anonymous_1)
FNDA:0,(anonymous_2)
FNDA:0,(anonymous_3)
FNDA:0,(anonymous_4)
FNDA:0,(anonymous_5)
FNDA:0,(anonymous_6)
FNDA:0,(anonymous_7)
FNDA:0,(anonymous_8)
FNDA:0,(anonymous_9)
DA:17,0
DA:18,0
DA:20,0
DA:24,0
DA:25,0
DA:30,0
DA:31,0
DA:32,0
DA:38,0
DA:39,0
LF:10
LH:0
BRDA:23,0,0,0
BRF:1
BRH:0
end_of_record
